  [1m[35m (2.8ms)[0m  [1m[34mSELECT sqlite_version(*)[0m
  [1m[35m (241.4ms)[0m  [1m[35mCREATE TABLE "schema_migrations" ("version" varchar NOT NULL PRIMARY KEY)[0m
  [1m[35m (716.7ms)[0m  [1m[35mCREATE TABLE "ar_internal_metadata" ("key" varchar NOT NULL PRIMARY KEY, "value" varchar, "created_at" datetime(6) NOT NULL, "updated_at" datetime(6) NOT NULL)[0m
  [1m[35m (1.2ms)[0m  [1m[34mSELECT "schema_migrations"."version" FROM "schema_migrations" ORDER BY "schema_migrations"."version" ASC[0m
Migrating to CreateUsers (20210729190554)
  [1m[35m (0.7ms)[0m  [1m[34mSELECT sqlite_version(*)[0m
  [1m[35m (0.2ms)[0m  [1m[34mSELECT "schema_migrations"."version" FROM "schema_migrations" ORDER BY "schema_migrations"."version" ASC[0m
Migrating to CreateUsers (20210729190554)
  [1m[35m (0.1ms)[0m  [1m[36mbegin transaction[0m
  [1m[35m (0.6ms)[0m  [1m[35mCREATE TABLE "users" ("id" integer PRIMARY KEY AUTOINCREMENT NOT NULL, "first_name" varchar, "last_name" varchar, "description" text, "email" varchar, "age" integer, "created_at" datetime(6) NOT NULL, "updated_at" datetime(6) NOT NULL)[0m
  [1m[36mActiveRecord::SchemaMigration Create (0.3ms)[0m  [1m[32mINSERT INTO "schema_migrations" ("version") VALUES (?)[0m  [["version", "20210729190554"]]
  [1m[35m (268.5ms)[0m  [1m[36mcommit transaction[0m
  [1m[36mActiveRecord::InternalMetadata Load (0.5ms)[0m  [1m[34mSELECT "ar_internal_metadata".* FROM "ar_internal_metadata" WHERE "ar_internal_metadata"."key" = ? LIMIT ?[0m  [["key", "environment"], ["LIMIT", 1]]
  [1m[35m (0.1ms)[0m  [1m[36mbegin transaction[0m
  [1m[36mActiveRecord::InternalMetadata Create (0.5ms)[0m  [1m[32mINSERT INTO "ar_internal_metadata" ("key", "value", "created_at", "updated_at") VALUES (?, ?, ?, ?)[0m  [["key", "environment"], ["value", "development"], ["created_at", "2021-07-29 19:15:39.709844"], ["updated_at", "2021-07-29 19:15:39.709844"]]
  [1m[35m (101.4ms)[0m  [1m[36mcommit transaction[0m
  [1m[35m (0.1ms)[0m  [1m[34mSELECT sqlite_version(*)[0m
  [1m[35m (0.1ms)[0m  [1m[34mSELECT "schema_migrations"."version" FROM "schema_migrations" ORDER BY "schema_migrations"."version" ASC[0m
  [1m[35m (0.5ms)[0m  [1m[34mSELECT sqlite_version(*)[0m
  [1m[35m (0.2ms)[0m  [1m[34mSELECT "schema_migrations"."version" FROM "schema_migrations" ORDER BY "schema_migrations"."version" ASC[0m
  [1m[35m (0.2ms)[0m  [1m[34mSELECT sqlite_version(*)[0m
  [1m[35m (0.1ms)[0m  [1m[36mbegin transaction[0m
  [1m[36mUser Create (0.4ms)[0m  [1m[32mINSERT INTO "users" ("first_name", "last_name", "description", "email", "age", "created_at", "updated_at") VALUES (?, ?, ?, ?, ?, ?, ?)[0m  [["first_name", "Gerald"], ["last_name", "Hegmann"], ["description", "It is not the responsibility of the language to force good looking code, but the language should make good looking code possible."], ["email", "russ.bartoletti@upton.co"], ["age", 59], ["created_at", "2021-07-29 19:15:52.280686"], ["updated_at", "2021-07-29 19:15:52.280686"]]
  [1m[35m (404.5ms)[0m  [1m[36mcommit transaction[0m
  [1m[35m (0.1ms)[0m  [1m[36mbegin transaction[0m
  [1m[36mUser Create (1.3ms)[0m  [1m[32mINSERT INTO "users" ("first_name", "last_name", "description", "email", "age", "created_at", "updated_at") VALUES (?, ?, ?, ?, ?, ?, ?)[0m  [["first_name", "Marianela"], ["last_name", "Bechtelar"], ["description", "Imagine you are writing an email. You are in front of the computer. You are operating the computer, clicking a mouse and typing on a keyboard, but the message will be sent to a human over the internet. So you are working before the computer, but with a human behind the computer."], ["email", "herb@gutkowski.name"], ["age", 48], ["created_at", "2021-07-29 19:15:52.701226"], ["updated_at", "2021-07-29 19:15:52.701226"]]
  [1m[35m (592.5ms)[0m  [1m[36mcommit transaction[0m
  [1m[35m (0.1ms)[0m  [1m[36mbegin transaction[0m
  [1m[36mUser Create (1.0ms)[0m  [1m[32mINSERT INTO "users" ("first_name", "last_name", "description", "email", "age", "created_at", "updated_at") VALUES (?, ?, ?, ?, ?, ?, ?)[0m  [["first_name", "Kenneth"], ["last_name", "Heaney"], ["description", "From the viewpoint of what you can do, therefore, languages do differ - but the differences are limited. For example, Python and Ruby provide almost the same power to the programmer."], ["email", "parker.ritchie@botsford-yundt.biz"], ["age", 53], ["created_at", "2021-07-29 19:15:53.314458"], ["updated_at", "2021-07-29 19:15:53.314458"]]
  [1m[35m (463.1ms)[0m  [1m[36mcommit transaction[0m
  [1m[35m (0.1ms)[0m  [1m[36mbegin transaction[0m
  [1m[36mUser Create (0.3ms)[0m  [1m[32mINSERT INTO "users" ("first_name", "last_name", "description", "email", "age", "created_at", "updated_at") VALUES (?, ?, ?, ?, ?, ?, ?)[0m  [["first_name", "Karren"], ["last_name", "Pacocha"], ["description", "I hope to see Ruby help every programmer in the world to be productive, and to enjoy programming, and to be happy. That is the primary purpose of Ruby language."], ["email", "scotty@medhurst.biz"], ["age", 38], ["created_at", "2021-07-29 19:15:53.789652"], ["updated_at", "2021-07-29 19:15:53.789652"]]
  [1m[35m (159.4ms)[0m  [1m[36mcommit transaction[0m
  [1m[35m (0.1ms)[0m  [1m[36mbegin transaction[0m
  [1m[36mUser Create (0.8ms)[0m  [1m[32mINSERT INTO "users" ("first_name", "last_name", "description", "email", "age", "created_at", "updated_at") VALUES (?, ?, ?, ?, ?, ?, ?)[0m  [["first_name", "Arnita"], ["last_name", "Raynor"], ["description", "I believe consistency and orthogonality are tools of design, not the primary goal in design."], ["email", "davida_jerde@williamson.net"], ["age", 28], ["created_at", "2021-07-29 19:15:53.961053"], ["updated_at", "2021-07-29 19:15:53.961053"]]
  [1m[35m (93.0ms)[0m  [1m[36mcommit transaction[0m
  [1m[35m (0.1ms)[0m  [1m[36mbegin transaction[0m
  [1m[36mUser Create (0.3ms)[0m  [1m[32mINSERT INTO "users" ("first_name", "last_name", "description", "email", "age", "created_at", "updated_at") VALUES (?, ?, ?, ?, ?, ?, ?)[0m  [["first_name", "Michaele"], ["last_name", "Purdy"], ["description", "From the viewpoint of what you can do, therefore, languages do differ - but the differences are limited. For example, Python and Ruby provide almost the same power to the programmer."], ["email", "nicolas.brakus@konopelski.com"], ["age", 33], ["created_at", "2021-07-29 19:15:54.066165"], ["updated_at", "2021-07-29 19:15:54.066165"]]
  [1m[35m (79.2ms)[0m  [1m[36mcommit transaction[0m
  [1m[35m (0.1ms)[0m  [1m[36mbegin transaction[0m
  [1m[36mUser Create (0.4ms)[0m  [1m[32mINSERT INTO "users" ("first_name", "last_name", "description", "email", "age", "created_at", "updated_at") VALUES (?, ?, ?, ?, ?, ?, ?)[0m  [["first_name", "Krystin"], ["last_name", "Johnson"], ["description", "I didn't work hard to make Ruby perfect for everyone, because you feel differently from me. No language can be perfect for everyone. I tried to make Ruby perfect for me, but maybe it's not perfect for you. The perfect language for Guido van Rossum is probably Python."], ["email", "stephani_abernathy@rice.com"], ["age", 33], ["created_at", "2021-07-29 19:15:54.154969"], ["updated_at", "2021-07-29 19:15:54.154969"]]
  [1m[35m (88.4ms)[0m  [1m[36mcommit transaction[0m
  [1m[35m (0.1ms)[0m  [1m[36mbegin transaction[0m
  [1m[36mUser Create (0.4ms)[0m  [1m[32mINSERT INTO "users" ("first_name", "last_name", "description", "email", "age", "created_at", "updated_at") VALUES (?, ?, ?, ?, ?, ?, ?)[0m  [["first_name", "Yesenia"], ["last_name", "Fisher"], ["description", "Smart people underestimate the ordinarity of ordinary people."], ["email", "irene.beier@hermiston.biz"], ["age", 57], ["created_at", "2021-07-29 19:15:54.257824"], ["updated_at", "2021-07-29 19:15:54.257824"]]
  [1m[35m (96.5ms)[0m  [1m[36mcommit transaction[0m
  [1m[35m (0.1ms)[0m  [1m[36mbegin transaction[0m
  [1m[36mUser Create (0.4ms)[0m  [1m[32mINSERT INTO "users" ("first_name", "last_name", "description", "email", "age", "created_at", "updated_at") VALUES (?, ?, ?, ?, ?, ?, ?)[0m  [["first_name", "Johnette"], ["last_name", "Conn"], ["description", "Often people, especially computer engineers, focus on the machines. But in fact we need to focus on humans, on how humans care about doing programming or operating the application of the machines."], ["email", "drema.abernathy@dach-abbott.org"], ["age", 40], ["created_at", "2021-07-29 19:15:54.365876"], ["updated_at", "2021-07-29 19:15:54.365876"]]
  [1m[35m (67.7ms)[0m  [1m[36mcommit transaction[0m
  [1m[35m (0.1ms)[0m  [1m[36mbegin transaction[0m
  [1m[36mUser Create (0.3ms)[0m  [1m[32mINSERT INTO "users" ("first_name", "last_name", "description", "email", "age", "created_at", "updated_at") VALUES (?, ?, ?, ?, ?, ?, ?)[0m  [["first_name", "Sidney"], ["last_name", "King"], ["description", "In our daily lives as programmers, we process text strings a lot. So I tried to work hard on text processing, namely the string class and regular expressions. Regular expressions are built into the language and are very tuned up for use."], ["email", "kimberley@skiles.biz"], ["age", 33], ["created_at", "2021-07-29 19:15:54.442892"], ["updated_at", "2021-07-29 19:15:54.442892"]]
  [1m[35m (69.0ms)[0m  [1m[36mcommit transaction[0m
  [1m[35m (0.5ms)[0m  [1m[34mSELECT sqlite_version(*)[0m
  [1m[36mUser Load (0.4ms)[0m  [1m[34mSELECT "users".* FROM "users"[0m
  [1m[35m (0.5ms)[0m  [1m[34mSELECT sqlite_version(*)[0m
  [1m[35m (0.2ms)[0m  [1m[34mSELECT "schema_migrations"."version" FROM "schema_migrations" ORDER BY "schema_migrations"."version" ASC[0m
Migrating to CreateCities (20210729191807)
  [1m[35m (0.5ms)[0m  [1m[34mSELECT sqlite_version(*)[0m
  [1m[35m (0.2ms)[0m  [1m[34mSELECT "schema_migrations"."version" FROM "schema_migrations" ORDER BY "schema_migrations"."version" ASC[0m
Migrating to CreateCities (20210729191807)
  [1m[35m (0.1ms)[0m  [1m[36mbegin transaction[0m
  [1m[35m (0.4ms)[0m  [1m[35mCREATE TABLE "cities" ("id" integer PRIMARY KEY AUTOINCREMENT NOT NULL, "name" varchar, "zip_code" varchar, "created_at" datetime(6) NOT NULL, "updated_at" datetime(6) NOT NULL)[0m
  [1m[36mActiveRecord::SchemaMigration Create (0.3ms)[0m  [1m[32mINSERT INTO "schema_migrations" ("version") VALUES (?)[0m  [["version", "20210729191807"]]
  [1m[35m (112.3ms)[0m  [1m[36mcommit transaction[0m
  [1m[36mActiveRecord::InternalMetadata Load (0.4ms)[0m  [1m[34mSELECT "ar_internal_metadata".* FROM "ar_internal_metadata" WHERE "ar_internal_metadata"."key" = ? LIMIT ?[0m  [["key", "environment"], ["LIMIT", 1]]
  [1m[35m (0.1ms)[0m  [1m[34mSELECT sqlite_version(*)[0m
  [1m[35m (0.1ms)[0m  [1m[34mSELECT "schema_migrations"."version" FROM "schema_migrations" ORDER BY "schema_migrations"."version" ASC[0m
  [1m[35m (0.5ms)[0m  [1m[34mSELECT sqlite_version(*)[0m
  [1m[35m (0.2ms)[0m  [1m[34mSELECT "schema_migrations"."version" FROM "schema_migrations" ORDER BY "schema_migrations"."version" ASC[0m
Migrating to CreateGossip1s (20210729192520)
  [1m[35m (0.1ms)[0m  [1m[36mbegin transaction[0m
  [1m[35m (0.5ms)[0m  [1m[35mCREATE TABLE "gossip_1s" ("id" integer PRIMARY KEY AUTOINCREMENT NOT NULL, "title" varchar, "content" text, "user_id" integer, "created_at" datetime(6) NOT NULL, "updated_at" datetime(6) NOT NULL)[0m
  [1m[35m (0.2ms)[0m  [1m[35mCREATE  INDEX "index_gossip_1s_on_user_id" ON "gossip_1s" ("user_id")[0m
  [1m[36mActiveRecord::SchemaMigration Create (0.2ms)[0m  [1m[32mINSERT INTO "schema_migrations" ("version") VALUES (?)[0m  [["version", "20210729192520"]]
  [1m[35m (104.3ms)[0m  [1m[36mcommit transaction[0m
  [1m[36mActiveRecord::InternalMetadata Load (0.5ms)[0m  [1m[34mSELECT "ar_internal_metadata".* FROM "ar_internal_metadata" WHERE "ar_internal_metadata"."key" = ? LIMIT ?[0m  [["key", "environment"], ["LIMIT", 1]]
  [1m[35m (0.1ms)[0m  [1m[34mSELECT sqlite_version(*)[0m
  [1m[35m (0.2ms)[0m  [1m[34mSELECT "schema_migrations"."version" FROM "schema_migrations" ORDER BY "schema_migrations"."version" ASC[0m
  [1m[35m (0.4ms)[0m  [1m[34mSELECT sqlite_version(*)[0m
  [1m[35m (0.2ms)[0m  [1m[34mSELECT "schema_migrations"."version" FROM "schema_migrations" ORDER BY "schema_migrations"."version" ASC[0m
Migrating to CreateTags (20210729193456)
  [1m[35m (0.1ms)[0m  [1m[36mbegin transaction[0m
  [1m[35m (0.4ms)[0m  [1m[35mCREATE TABLE "tags" ("id" integer PRIMARY KEY AUTOINCREMENT NOT NULL, "title" varchar, "created_at" datetime(6) NOT NULL, "updated_at" datetime(6) NOT NULL)[0m
  [1m[36mActiveRecord::SchemaMigration Create (0.2ms)[0m  [1m[32mINSERT INTO "schema_migrations" ("version") VALUES (?)[0m  [["version", "20210729193456"]]
  [1m[35m (92.8ms)[0m  [1m[36mcommit transaction[0m
  [1m[36mActiveRecord::InternalMetadata Load (0.6ms)[0m  [1m[34mSELECT "ar_internal_metadata".* FROM "ar_internal_metadata" WHERE "ar_internal_metadata"."key" = ? LIMIT ?[0m  [["key", "environment"], ["LIMIT", 1]]
  [1m[35m (0.2ms)[0m  [1m[34mSELECT sqlite_version(*)[0m
  [1m[35m (0.2ms)[0m  [1m[34mSELECT "schema_migrations"."version" FROM "schema_migrations" ORDER BY "schema_migrations"."version" ASC[0m
  [1m[35m (0.4ms)[0m  [1m[34mSELECT sqlite_version(*)[0m
  [1m[35m (0.2ms)[0m  [1m[34mSELECT "schema_migrations"."version" FROM "schema_migrations" ORDER BY "schema_migrations"."version" ASC[0m
  [1m[35m (0.5ms)[0m  [1m[34mSELECT sqlite_version(*)[0m
  [1m[35m (0.2ms)[0m  [1m[34mSELECT "schema_migrations"."version" FROM "schema_migrations" ORDER BY "schema_migrations"."version" ASC[0m
Migrating to CreatePrivateMessages (20210729194654)
  [1m[35m (0.1ms)[0m  [1m[36mbegin transaction[0m
  [1m[35m (0.4ms)[0m  [1m[35mCREATE TABLE "private_messages" ("id" integer PRIMARY KEY AUTOINCREMENT NOT NULL, "content" text, "recipient_id" integer, "sender_id" integer, "created_at" datetime(6) NOT NULL, "updated_at" datetime(6) NOT NULL)[0m
  [1m[35m (0.2ms)[0m  [1m[35mCREATE  INDEX "index_private_messages_on_recipient_id" ON "private_messages" ("recipient_id")[0m
  [1m[35m (0.1ms)[0m  [1m[35mCREATE  INDEX "index_private_messages_on_sender_id" ON "private_messages" ("sender_id")[0m
  [1m[36mActiveRecord::SchemaMigration Create (0.2ms)[0m  [1m[32mINSERT INTO "schema_migrations" ("version") VALUES (?)[0m  [["version", "20210729194654"]]
  [1m[35m (91.6ms)[0m  [1m[36mcommit transaction[0m
  [1m[36mActiveRecord::InternalMetadata Load (0.6ms)[0m  [1m[34mSELECT "ar_internal_metadata".* FROM "ar_internal_metadata" WHERE "ar_internal_metadata"."key" = ? LIMIT ?[0m  [["key", "environment"], ["LIMIT", 1]]
  [1m[35m (0.1ms)[0m  [1m[34mSELECT sqlite_version(*)[0m
  [1m[35m (0.1ms)[0m  [1m[34mSELECT "schema_migrations"."version" FROM "schema_migrations" ORDER BY "schema_migrations"."version" ASC[0m
  [1m[35m (0.4ms)[0m  [1m[34mSELECT sqlite_version(*)[0m
  [1m[35m (0.2ms)[0m  [1m[34mSELECT "schema_migrations"."version" FROM "schema_migrations" ORDER BY "schema_migrations"."version" ASC[0m
  [1m[35m (0.1ms)[0m  [1m[34mSELECT sqlite_version(*)[0m
  [1m[35m (0.4ms)[0m  [1m[34mSELECT sqlite_version(*)[0m
  [1m[35m (0.2ms)[0m  [1m[34mSELECT "schema_migrations"."version" FROM "schema_migrations" ORDER BY "schema_migrations"."version" ASC[0m
  [1m[35m (0.1ms)[0m  [1m[34mSELECT sqlite_version(*)[0m
  [1m[35m (0.6ms)[0m  [1m[34mSELECT sqlite_version(*)[0m
  [1m[35m (0.2ms)[0m  [1m[34mSELECT "schema_migrations"."version" FROM "schema_migrations" ORDER BY "schema_migrations"."version" ASC[0m
  [1m[35m (0.1ms)[0m  [1m[34mSELECT sqlite_version(*)[0m
  [1m[35m (0.4ms)[0m  [1m[34mSELECT sqlite_version(*)[0m
  [1m[35m (0.2ms)[0m  [1m[34mSELECT "schema_migrations"."version" FROM "schema_migrations" ORDER BY "schema_migrations"."version" ASC[0m
  [1m[35m (0.1ms)[0m  [1m[34mSELECT sqlite_version(*)[0m
  [1m[35m (0.5ms)[0m  [1m[34mSELECT sqlite_version(*)[0m
  [1m[35m (0.2ms)[0m  [1m[34mSELECT "schema_migrations"."version" FROM "schema_migrations" ORDER BY "schema_migrations"."version" ASC[0m
  [1m[35m (0.1ms)[0m  [1m[34mSELECT sqlite_version(*)[0m
  [1m[35m (0.5ms)[0m  [1m[34mSELECT sqlite_version(*)[0m
  [1m[35m (1.7ms)[0m  [1m[34mSELECT "schema_migrations"."version" FROM "schema_migrations" ORDER BY "schema_migrations"."version" ASC[0m
  [1m[35m (0.1ms)[0m  [1m[34mSELECT sqlite_version(*)[0m
  [1m[35m (0.5ms)[0m  [1m[34mSELECT sqlite_version(*)[0m
  [1m[35m (0.2ms)[0m  [1m[34mSELECT "schema_migrations"."version" FROM "schema_migrations" ORDER BY "schema_migrations"."version" ASC[0m
  [1m[35m (0.1ms)[0m  [1m[34mSELECT sqlite_version(*)[0m
  [1m[35m (0.1ms)[0m  [1m[36mbegin transaction[0m
  [1m[36mCity Create (0.4ms)[0m  [1m[32mINSERT INTO "cities" ("name", "zip_code", "created_at", "updated_at") VALUES (?, ?, ?, ?)[0m  [["name", "Nolanland"], ["zip_code", "39782"], ["created_at", "2021-07-29 19:57:01.890432"], ["updated_at", "2021-07-29 19:57:01.890432"]]
  [1m[35m (92.9ms)[0m  [1m[36mcommit transaction[0m
  [1m[35m (0.1ms)[0m  [1m[36mbegin transaction[0m
  [1m[36mCity Create (0.8ms)[0m  [1m[32mINSERT INTO "cities" ("name", "zip_code", "created_at", "updated_at") VALUES (?, ?, ?, ?)[0m  [["name", "Port Stacey"], ["zip_code", "20456"], ["created_at", "2021-07-29 19:57:01.997925"], ["updated_at", "2021-07-29 19:57:01.997925"]]
  [1m[35m (76.1ms)[0m  [1m[36mcommit transaction[0m
  [1m[35m (0.1ms)[0m  [1m[36mbegin transaction[0m
  [1m[36mCity Create (0.3ms)[0m  [1m[32mINSERT INTO "cities" ("name", "zip_code", "created_at", "updated_at") VALUES (?, ?, ?, ?)[0m  [["name", "Champlintown"], ["zip_code", "41792-1107"], ["created_at", "2021-07-29 19:57:02.089197"], ["updated_at", "2021-07-29 19:57:02.089197"]]
  [1m[35m (83.4ms)[0m  [1m[36mcommit transaction[0m
  [1m[35m (0.1ms)[0m  [1m[36mbegin transaction[0m
  [1m[36mCity Create (0.5ms)[0m  [1m[32mINSERT INTO "cities" ("name", "zip_code", "created_at", "updated_at") VALUES (?, ?, ?, ?)[0m  [["name", "Reichelborough"], ["zip_code", "31680"], ["created_at", "2021-07-29 19:57:02.180663"], ["updated_at", "2021-07-29 19:57:02.180663"]]
  [1m[35m (87.9ms)[0m  [1m[36mcommit transaction[0m
  [1m[35m (0.1ms)[0m  [1m[36mbegin transaction[0m
  [1m[36mCity Create (0.3ms)[0m  [1m[32mINSERT INTO "cities" ("name", "zip_code", "created_at", "updated_at") VALUES (?, ?, ?, ?)[0m  [["name", "West Marquishaven"], ["zip_code", "09773-2497"], ["created_at", "2021-07-29 19:57:02.278658"], ["updated_at", "2021-07-29 19:57:02.278658"]]
  [1m[35m (91.4ms)[0m  [1m[36mcommit transaction[0m
  [1m[35m (0.1ms)[0m  [1m[36mbegin transaction[0m
  [1m[36mCity Create (0.4ms)[0m  [1m[32mINSERT INTO "cities" ("name", "zip_code", "created_at", "updated_at") VALUES (?, ?, ?, ?)[0m  [["name", "North Caleb"], ["zip_code", "13254"], ["created_at", "2021-07-29 19:57:02.380310"], ["updated_at", "2021-07-29 19:57:02.380310"]]
  [1m[35m (89.7ms)[0m  [1m[36mcommit transaction[0m
  [1m[35m (0.1ms)[0m  [1m[36mbegin transaction[0m
  [1m[36mCity Create (0.4ms)[0m  [1m[32mINSERT INTO "cities" ("name", "zip_code", "created_at", "updated_at") VALUES (?, ?, ?, ?)[0m  [["name", "Raynashire"], ["zip_code", "92445-4615"], ["created_at", "2021-07-29 19:57:02.479951"], ["updated_at", "2021-07-29 19:57:02.479951"]]
  [1m[35m (103.1ms)[0m  [1m[36mcommit transaction[0m
  [1m[35m (0.1ms)[0m  [1m[36mbegin transaction[0m
  [1m[36mCity Create (0.7ms)[0m  [1m[32mINSERT INTO "cities" ("name", "zip_code", "created_at", "updated_at") VALUES (?, ?, ?, ?)[0m  [["name", "New Shirlyland"], ["zip_code", "45683-0804"], ["created_at", "2021-07-29 19:57:02.595356"], ["updated_at", "2021-07-29 19:57:02.595356"]]
  [1m[35m (106.5ms)[0m  [1m[36mcommit transaction[0m
  [1m[35m (0.1ms)[0m  [1m[36mbegin transaction[0m
  [1m[36mCity Create (0.4ms)[0m  [1m[32mINSERT INTO "cities" ("name", "zip_code", "created_at", "updated_at") VALUES (?, ?, ?, ?)[0m  [["name", "Valmouth"], ["zip_code", "20454-6842"], ["created_at", "2021-07-29 19:57:02.712607"], ["updated_at", "2021-07-29 19:57:02.712607"]]
  [1m[35m (90.3ms)[0m  [1m[36mcommit transaction[0m
  [1m[35m (0.1ms)[0m  [1m[36mbegin transaction[0m
  [1m[36mCity Create (0.4ms)[0m  [1m[32mINSERT INTO "cities" ("name", "zip_code", "created_at", "updated_at") VALUES (?, ?, ?, ?)[0m  [["name", "North Sammy"], ["zip_code", "96036-4516"], ["created_at", "2021-07-29 19:57:02.812387"], ["updated_at", "2021-07-29 19:57:02.812387"]]
  [1m[35m (89.0ms)[0m  [1m[36mcommit transaction[0m
  [1m[35m (0.2ms)[0m  [1m[36mbegin transaction[0m
  [1m[36mCity Create (0.7ms)[0m  [1m[32mINSERT INTO "cities" ("name", "zip_code", "created_at", "updated_at") VALUES (?, ?, ?, ?)[0m  [["name", "Ollieton"], ["zip_code", "13548-8161"], ["created_at", "2021-07-29 19:57:02.938798"], ["updated_at", "2021-07-29 19:57:02.938798"]]
  [1m[35m (150.3ms)[0m  [1m[36mcommit transaction[0m
  [1m[35m (0.2ms)[0m  [1m[36mbegin transaction[0m
  [1m[36mCity Create (0.8ms)[0m  [1m[32mINSERT INTO "cities" ("name", "zip_code", "created_at", "updated_at") VALUES (?, ?, ?, ?)[0m  [["name", "Chrishaven"], ["zip_code", "42307"], ["created_at", "2021-07-29 19:57:03.106750"], ["updated_at", "2021-07-29 19:57:03.106750"]]
  [1m[35m (79.8ms)[0m  [1m[36mcommit transaction[0m
  [1m[35m (0.1ms)[0m  [1m[36mbegin transaction[0m
  [1m[36mCity Create (0.3ms)[0m  [1m[32mINSERT INTO "cities" ("name", "zip_code", "created_at", "updated_at") VALUES (?, ?, ?, ?)[0m  [["name", "Rufuston"], ["zip_code", "74354"], ["created_at", "2021-07-29 19:57:03.198915"], ["updated_at", "2021-07-29 19:57:03.198915"]]
  [1m[35m (82.2ms)[0m  [1m[36mcommit transaction[0m
  [1m[35m (0.1ms)[0m  [1m[36mbegin transaction[0m
  [1m[36mCity Create (0.4ms)[0m  [1m[32mINSERT INTO "cities" ("name", "zip_code", "created_at", "updated_at") VALUES (?, ?, ?, ?)[0m  [["name", "Kunzefurt"], ["zip_code", "98761-3635"], ["created_at", "2021-07-29 19:57:03.290583"], ["updated_at", "2021-07-29 19:57:03.290583"]]
  [1m[35m (89.4ms)[0m  [1m[36mcommit transaction[0m
  [1m[35m (0.1ms)[0m  [1m[36mbegin transaction[0m
  [1m[36mCity Create (0.3ms)[0m  [1m[32mINSERT INTO "cities" ("name", "zip_code", "created_at", "updated_at") VALUES (?, ?, ?, ?)[0m  [["name", "Perryhaven"], ["zip_code", "33647"], ["created_at", "2021-07-29 19:57:03.389521"], ["updated_at", "2021-07-29 19:57:03.389521"]]
  [1m[35m (79.3ms)[0m  [1m[36mcommit transaction[0m
  [1m[35m (0.1ms)[0m  [1m[36mbegin transaction[0m
  [1m[36mCity Create (0.4ms)[0m  [1m[32mINSERT INTO "cities" ("name", "zip_code", "created_at", "updated_at") VALUES (?, ?, ?, ?)[0m  [["name", "New Claudettebury"], ["zip_code", "44874-6354"], ["created_at", "2021-07-29 19:57:03.478162"], ["updated_at", "2021-07-29 19:57:03.478162"]]
  [1m[35m (79.3ms)[0m  [1m[36mcommit transaction[0m
  [1m[35m (0.1ms)[0m  [1m[36mbegin transaction[0m
  [1m[36mCity Create (0.3ms)[0m  [1m[32mINSERT INTO "cities" ("name", "zip_code", "created_at", "updated_at") VALUES (?, ?, ?, ?)[0m  [["name", "Stantonchester"], ["zip_code", "79492-4926"], ["created_at", "2021-07-29 19:57:03.565575"], ["updated_at", "2021-07-29 19:57:03.565575"]]
  [1m[35m (94.0ms)[0m  [1m[36mcommit transaction[0m
  [1m[35m (0.1ms)[0m  [1m[36mbegin transaction[0m
  [1m[36mCity Create (0.3ms)[0m  [1m[32mINSERT INTO "cities" ("name", "zip_code", "created_at", "updated_at") VALUES (?, ?, ?, ?)[0m  [["name", "South Cathrine"], ["zip_code", "99532"], ["created_at", "2021-07-29 19:57:03.665878"], ["updated_at", "2021-07-29 19:57:03.665878"]]
  [1m[35m (82.7ms)[0m  [1m[36mcommit transaction[0m
  [1m[35m (0.1ms)[0m  [1m[36mbegin transaction[0m
  [1m[36mCity Create (0.3ms)[0m  [1m[32mINSERT INTO "cities" ("name", "zip_code", "created_at", "updated_at") VALUES (?, ?, ?, ?)[0m  [["name", "Lake Williamburgh"], ["zip_code", "67763-6400"], ["created_at", "2021-07-29 19:57:03.756432"], ["updated_at", "2021-07-29 19:57:03.756432"]]
  [1m[35m (77.6ms)[0m  [1m[36mcommit transaction[0m
  [1m[35m (0.1ms)[0m  [1m[36mbegin transaction[0m
  [1m[36mCity Create (0.3ms)[0m  [1m[32mINSERT INTO "cities" ("name", "zip_code", "created_at", "updated_at") VALUES (?, ?, ?, ?)[0m  [["name", "Mooreberg"], ["zip_code", "37412-9654"], ["created_at", "2021-07-29 19:57:03.842598"], ["updated_at", "2021-07-29 19:57:03.842598"]]
  [1m[35m (83.7ms)[0m  [1m[36mcommit transaction[0m
  [1m[35m (0.4ms)[0m  [1m[34mSELECT sqlite_version(*)[0m
  [1m[35m (0.2ms)[0m  [1m[34mSELECT "schema_migrations"."version" FROM "schema_migrations" ORDER BY "schema_migrations"."version" ASC[0m
  [1m[35m (0.1ms)[0m  [1m[34mSELECT sqlite_version(*)[0m
  [1m[35m (0.1ms)[0m  [1m[36mbegin transaction[0m
  [1m[36mCity Create (0.4ms)[0m  [1m[32mINSERT INTO "cities" ("name", "zip_code", "created_at", "updated_at") VALUES (?, ?, ?, ?)[0m  [["name", "North Irwin"], ["zip_code", "83519"], ["created_at", "2021-07-29 19:57:37.047490"], ["updated_at", "2021-07-29 19:57:37.047490"]]
  [1m[35m (98.0ms)[0m  [1m[36mcommit transaction[0m
  [1m[35m (0.2ms)[0m  [1m[36mbegin transaction[0m
  [1m[36mCity Create (0.8ms)[0m  [1m[32mINSERT INTO "cities" ("name", "zip_code", "created_at", "updated_at") VALUES (?, ?, ?, ?)[0m  [["name", "Sanfordton"], ["zip_code", "61367-4242"], ["created_at", "2021-07-29 19:57:37.154855"], ["updated_at", "2021-07-29 19:57:37.154855"]]
  [1m[35m (93.1ms)[0m  [1m[36mcommit transaction[0m
  [1m[35m (0.1ms)[0m  [1m[36mbegin transaction[0m
  [1m[36mCity Create (0.4ms)[0m  [1m[32mINSERT INTO "cities" ("name", "zip_code", "created_at", "updated_at") VALUES (?, ?, ?, ?)[0m  [["name", "Doylehaven"], ["zip_code", "02243"], ["created_at", "2021-07-29 19:57:37.262251"], ["updated_at", "2021-07-29 19:57:37.262251"]]
  [1m[35m (117.1ms)[0m  [1m[36mcommit transaction[0m
  [1m[35m (0.1ms)[0m  [1m[36mbegin transaction[0m
  [1m[36mCity Create (0.4ms)[0m  [1m[32mINSERT INTO "cities" ("name", "zip_code", "created_at", "updated_at") VALUES (?, ?, ?, ?)[0m  [["name", "West Clifton"], ["zip_code", "91470-4567"], ["created_at", "2021-07-29 19:57:37.387548"], ["updated_at", "2021-07-29 19:57:37.387548"]]
  [1m[35m (87.7ms)[0m  [1m[36mcommit transaction[0m
  [1m[35m (0.2ms)[0m  [1m[36mbegin transaction[0m
  [1m[36mCity Create (0.8ms)[0m  [1m[32mINSERT INTO "cities" ("name", "zip_code", "created_at", "updated_at") VALUES (?, ?, ?, ?)[0m  [["name", "East Elton"], ["zip_code", "33265"], ["created_at", "2021-07-29 19:57:37.488752"], ["updated_at", "2021-07-29 19:57:37.488752"]]
  [1m[35m (101.9ms)[0m  [1m[36mcommit transaction[0m
  [1m[35m (0.1ms)[0m  [1m[36mbegin transaction[0m
  [1m[36mCity Create (0.6ms)[0m  [1m[32mINSERT INTO "cities" ("name", "zip_code", "created_at", "updated_at") VALUES (?, ?, ?, ?)[0m  [["name", "New Shelton"], ["zip_code", "36103"], ["created_at", "2021-07-29 19:57:37.611368"], ["updated_at", "2021-07-29 19:57:37.611368"]]
  [1m[35m (127.5ms)[0m  [1m[36mcommit transaction[0m
  [1m[35m (0.1ms)[0m  [1m[36mbegin transaction[0m
  [1m[36mCity Create (0.4ms)[0m  [1m[32mINSERT INTO "cities" ("name", "zip_code", "created_at", "updated_at") VALUES (?, ?, ?, ?)[0m  [["name", "Valeryburgh"], ["zip_code", "60589"], ["created_at", "2021-07-29 19:57:37.752699"], ["updated_at", "2021-07-29 19:57:37.752699"]]
  [1m[35m (89.3ms)[0m  [1m[36mcommit transaction[0m
  [1m[35m (0.1ms)[0m  [1m[36mbegin transaction[0m
  [1m[36mCity Create (0.5ms)[0m  [1m[32mINSERT INTO "cities" ("name", "zip_code", "created_at", "updated_at") VALUES (?, ?, ?, ?)[0m  [["name", "East Ozellahaven"], ["zip_code", "74044-5654"], ["created_at", "2021-07-29 19:57:37.852683"], ["updated_at", "2021-07-29 19:57:37.852683"]]
  [1m[35m (86.7ms)[0m  [1m[36mcommit transaction[0m
  [1m[35m (0.1ms)[0m  [1m[36mbegin transaction[0m
  [1m[36mCity Create (0.4ms)[0m  [1m[32mINSERT INTO "cities" ("name", "zip_code", "created_at", "updated_at") VALUES (?, ?, ?, ?)[0m  [["name", "Lake Valentine"], ["zip_code", "83668-8812"], ["created_at", "2021-07-29 19:57:37.950706"], ["updated_at", "2021-07-29 19:57:37.950706"]]
  [1m[35m (92.4ms)[0m  [1m[36mcommit transaction[0m
  [1m[35m (0.1ms)[0m  [1m[36mbegin transaction[0m
  [1m[36mCity Create (0.3ms)[0m  [1m[32mINSERT INTO "cities" ("name", "zip_code", "created_at", "updated_at") VALUES (?, ?, ?, ?)[0m  [["name", "Cedrickshire"], ["zip_code", "11339"], ["created_at", "2021-07-29 19:57:38.050937"], ["updated_at", "2021-07-29 19:57:38.050937"]]
  [1m[35m (92.1ms)[0m  [1m[36mcommit transaction[0m
  [1m[35m (0.1ms)[0m  [1m[36mbegin transaction[0m
  [1m[36mCity Create (0.4ms)[0m  [1m[32mINSERT INTO "cities" ("name", "zip_code", "created_at", "updated_at") VALUES (?, ?, ?, ?)[0m  [["name", "Townemouth"], ["zip_code", "56045"], ["created_at", "2021-07-29 19:57:38.150607"], ["updated_at", "2021-07-29 19:57:38.150607"]]
  [1m[35m (91.8ms)[0m  [1m[36mcommit transaction[0m
  [1m[35m (0.1ms)[0m  [1m[36mbegin transaction[0m
  [1m[36mCity Create (0.3ms)[0m  [1m[32mINSERT INTO "cities" ("name", "zip_code", "created_at", "updated_at") VALUES (?, ?, ?, ?)[0m  [["name", "Robbieland"], ["zip_code", "72371"], ["created_at", "2021-07-29 19:57:38.272800"], ["updated_at", "2021-07-29 19:57:38.272800"]]
  [1m[35m (83.0ms)[0m  [1m[36mcommit transaction[0m
  [1m[35m (0.1ms)[0m  [1m[36mbegin transaction[0m
  [1m[36mCity Create (0.4ms)[0m  [1m[32mINSERT INTO "cities" ("name", "zip_code", "created_at", "updated_at") VALUES (?, ?, ?, ?)[0m  [["name", "Port Rodrick"], ["zip_code", "99934-6782"], ["created_at", "2021-07-29 19:57:38.364465"], ["updated_at", "2021-07-29 19:57:38.364465"]]
  [1m[35m (135.7ms)[0m  [1m[36mcommit transaction[0m
  [1m[35m (0.2ms)[0m  [1m[36mbegin transaction[0m
  [1m[36mCity Create (0.8ms)[0m  [1m[32mINSERT INTO "cities" ("name", "zip_code", "created_at", "updated_at") VALUES (?, ?, ?, ?)[0m  [["name", "South Bryonberg"], ["zip_code", "90697"], ["created_at", "2021-07-29 19:57:38.512703"], ["updated_at", "2021-07-29 19:57:38.512703"]]
  [1m[35m (79.7ms)[0m  [1m[36mcommit transaction[0m
  [1m[35m (0.1ms)[0m  [1m[36mbegin transaction[0m
  [1m[36mCity Create (0.4ms)[0m  [1m[32mINSERT INTO "cities" ("name", "zip_code", "created_at", "updated_at") VALUES (?, ?, ?, ?)[0m  [["name", "West Byron"], ["zip_code", "36156-2726"], ["created_at", "2021-07-29 19:57:38.606375"], ["updated_at", "2021-07-29 19:57:38.606375"]]
  [1m[35m (124.0ms)[0m  [1m[36mcommit transaction[0m
  [1m[35m (0.1ms)[0m  [1m[36mbegin transaction[0m
  [1m[36mCity Create (0.4ms)[0m  [1m[32mINSERT INTO "cities" ("name", "zip_code", "created_at", "updated_at") VALUES (?, ?, ?, ?)[0m  [["name", "Kelseyland"], ["zip_code", "72662-5059"], ["created_at", "2021-07-29 19:57:38.739224"], ["updated_at", "2021-07-29 19:57:38.739224"]]
  [1m[35m (88.7ms)[0m  [1m[36mcommit transaction[0m
  [1m[35m (0.1ms)[0m  [1m[36mbegin transaction[0m
  [1m[36mCity Create (0.3ms)[0m  [1m[32mINSERT INTO "cities" ("name", "zip_code", "created_at", "updated_at") VALUES (?, ?, ?, ?)[0m  [["name", "East Anastasia"], ["zip_code", "55967-2775"], ["created_at", "2021-07-29 19:57:38.838516"], ["updated_at", "2021-07-29 19:57:38.838516"]]
  [1m[35m (82.0ms)[0m  [1m[36mcommit transaction[0m
  [1m[35m (0.1ms)[0m  [1m[36mbegin transaction[0m
  [1m[36mCity Create (0.3ms)[0m  [1m[32mINSERT INTO "cities" ("name", "zip_code", "created_at", "updated_at") VALUES (?, ?, ?, ?)[0m  [["name", "Trompchester"], ["zip_code", "02291-1116"], ["created_at", "2021-07-29 19:57:38.929318"], ["updated_at", "2021-07-29 19:57:38.929318"]]
  [1m[35m (90.8ms)[0m  [1m[36mcommit transaction[0m
  [1m[35m (0.1ms)[0m  [1m[36mbegin transaction[0m
  [1m[36mCity Create (0.3ms)[0m  [1m[32mINSERT INTO "cities" ("name", "zip_code", "created_at", "updated_at") VALUES (?, ?, ?, ?)[0m  [["name", "Port Kurt"], ["zip_code", "59276"], ["created_at", "2021-07-29 19:57:39.028434"], ["updated_at", "2021-07-29 19:57:39.028434"]]
  [1m[35m (91.8ms)[0m  [1m[36mcommit transaction[0m
  [1m[35m (0.1ms)[0m  [1m[36mbegin transaction[0m
  [1m[36mCity Create (0.5ms)[0m  [1m[32mINSERT INTO "cities" ("name", "zip_code", "created_at", "updated_at") VALUES (?, ?, ?, ?)[0m  [["name", "Breanneview"], ["zip_code", "41951"], ["created_at", "2021-07-29 19:57:39.128829"], ["updated_at", "2021-07-29 19:57:39.128829"]]
  [1m[35m (88.8ms)[0m  [1m[36mcommit transaction[0m
  [1m[35m (0.4ms)[0m  [1m[34mSELECT sqlite_version(*)[0m
  [1m[35m (0.2ms)[0m  [1m[34mSELECT "schema_migrations"."version" FROM "schema_migrations" ORDER BY "schema_migrations"."version" ASC[0m
  [1m[35m (0.1ms)[0m  [1m[34mSELECT sqlite_version(*)[0m
  [1m[35m (0.1ms)[0m  [1m[36mbegin transaction[0m
  [1m[36mCity Create (0.4ms)[0m  [1m[32mINSERT INTO "cities" ("name", "zip_code", "created_at", "updated_at") VALUES (?, ?, ?, ?)[0m  [["name", "Rogahnmouth"], ["zip_code", "49897"], ["created_at", "2021-07-29 19:58:09.158203"], ["updated_at", "2021-07-29 19:58:09.158203"]]
  [1m[35m (86.6ms)[0m  [1m[36mcommit transaction[0m
  [1m[35m (0.1ms)[0m  [1m[36mbegin transaction[0m
  [1m[36mCity Create (0.7ms)[0m  [1m[32mINSERT INTO "cities" ("name", "zip_code", "created_at", "updated_at") VALUES (?, ?, ?, ?)[0m  [["name", "East Ellastad"], ["zip_code", "41672"], ["created_at", "2021-07-29 19:58:09.257281"], ["updated_at", "2021-07-29 19:58:09.257281"]]
  [1m[35m (76.4ms)[0m  [1m[36mcommit transaction[0m
  [1m[35m (0.1ms)[0m  [1m[36mbegin transaction[0m
  [1m[36mCity Create (0.4ms)[0m  [1m[32mINSERT INTO "cities" ("name", "zip_code", "created_at", "updated_at") VALUES (?, ?, ?, ?)[0m  [["name", "Lake Bethanie"], ["zip_code", "29190-9328"], ["created_at", "2021-07-29 19:58:09.351219"], ["updated_at", "2021-07-29 19:58:09.351219"]]
  [1m[35m (193.3ms)[0m  [1m[36mcommit transaction[0m
  [1m[35m (0.2ms)[0m  [1m[36mbegin transaction[0m
  [1m[36mCity Create (0.8ms)[0m  [1m[32mINSERT INTO "cities" ("name", "zip_code", "created_at", "updated_at") VALUES (?, ?, ?, ?)[0m  [["name", "Williamsonbury"], ["zip_code", "62056-4343"], ["created_at", "2021-07-29 19:58:09.557466"], ["updated_at", "2021-07-29 19:58:09.557466"]]
  [1m[35m (90.1ms)[0m  [1m[36mcommit transaction[0m
  [1m[35m (0.1ms)[0m  [1m[36mbegin transaction[0m
  [1m[36mCity Create (0.3ms)[0m  [1m[32mINSERT INTO "cities" ("name", "zip_code", "created_at", "updated_at") VALUES (?, ?, ?, ?)[0m  [["name", "Lynellmouth"], ["zip_code", "85244-9651"], ["created_at", "2021-07-29 19:58:09.662453"], ["updated_at", "2021-07-29 19:58:09.662453"]]
  [1m[35m (80.2ms)[0m  [1m[36mcommit transaction[0m
  [1m[35m (0.1ms)[0m  [1m[36mbegin transaction[0m
  [1m[36mCity Create (0.4ms)[0m  [1m[32mINSERT INTO "cities" ("name", "zip_code", "created_at", "updated_at") VALUES (?, ?, ?, ?)[0m  [["name", "New Gary"], ["zip_code", "71164-2339"], ["created_at", "2021-07-29 19:58:09.749613"], ["updated_at", "2021-07-29 19:58:09.749613"]]
  [1m[35m (80.9ms)[0m  [1m[36mcommit transaction[0m
  [1m[35m (0.1ms)[0m  [1m[36mbegin transaction[0m
  [1m[36mCity Create (0.3ms)[0m  [1m[32mINSERT INTO "cities" ("name", "zip_code", "created_at", "updated_at") VALUES (?, ?, ?, ?)[0m  [["name", "Port Marty"], ["zip_code", "62576"], ["created_at", "2021-07-29 19:58:09.838725"], ["updated_at", "2021-07-29 19:58:09.838725"]]
  [1m[35m (94.5ms)[0m  [1m[36mcommit transaction[0m
  [1m[35m (0.1ms)[0m  [1m[36mbegin transaction[0m
  [1m[36mCity Create (0.3ms)[0m  [1m[32mINSERT INTO "cities" ("name", "zip_code", "created_at", "updated_at") VALUES (?, ?, ?, ?)[0m  [["name", "Brandenhaven"], ["zip_code", "94943"], ["created_at", "2021-07-29 19:58:09.940644"], ["updated_at", "2021-07-29 19:58:09.940644"]]
  [1m[35m (90.7ms)[0m  [1m[36mcommit transaction[0m
  [1m[35m (0.1ms)[0m  [1m[36mbegin transaction[0m
  [1m[36mCity Create (0.3ms)[0m  [1m[32mINSERT INTO "cities" ("name", "zip_code", "created_at", "updated_at") VALUES (?, ?, ?, ?)[0m  [["name", "Jinburgh"], ["zip_code", "82727-6904"], ["created_at", "2021-07-29 19:58:10.038918"], ["updated_at", "2021-07-29 19:58:10.038918"]]
  [1m[35m (93.1ms)[0m  [1m[36mcommit transaction[0m
  [1m[35m (0.1ms)[0m  [1m[36mbegin transaction[0m
  [1m[36mCity Create (0.3ms)[0m  [1m[32mINSERT INTO "cities" ("name", "zip_code", "created_at", "updated_at") VALUES (?, ?, ?, ?)[0m  [["name", "Wernermouth"], ["zip_code", "86152"], ["created_at", "2021-07-29 19:58:10.139882"], ["updated_at", "2021-07-29 19:58:10.139882"]]
  [1m[35m (75.8ms)[0m  [1m[36mcommit transaction[0m
  [1m[35m (0.1ms)[0m  [1m[36mbegin transaction[0m
  [1m[36mCity Create (0.3ms)[0m  [1m[32mINSERT INTO "cities" ("name", "zip_code", "created_at", "updated_at") VALUES (?, ?, ?, ?)[0m  [["name", "McGlynnville"], ["zip_code", "45306-7081"], ["created_at", "2021-07-29 19:58:10.240029"], ["updated_at", "2021-07-29 19:58:10.240029"]]
  [1m[35m (128.5ms)[0m  [1m[36mcommit transaction[0m
  [1m[35m (0.1ms)[0m  [1m[36mbegin transaction[0m
  [1m[36mCity Create (0.3ms)[0m  [1m[32mINSERT INTO "cities" ("name", "zip_code", "created_at", "updated_at") VALUES (?, ?, ?, ?)[0m  [["name", "East Bobby"], ["zip_code", "85579"], ["created_at", "2021-07-29 19:58:10.377593"], ["updated_at", "2021-07-29 19:58:10.377593"]]
  [1m[35m (103.2ms)[0m  [1m[36mcommit transaction[0m
  [1m[35m (0.1ms)[0m  [1m[36mbegin transaction[0m
  [1m[36mCity Create (0.3ms)[0m  [1m[32mINSERT INTO "cities" ("name", "zip_code", "created_at", "updated_at") VALUES (?, ?, ?, ?)[0m  [["name", "New Salleyton"], ["zip_code", "12042-5128"], ["created_at", "2021-07-29 19:58:10.486319"], ["updated_at", "2021-07-29 19:58:10.486319"]]
  [1m[35m (180.3ms)[0m  [1m[36mcommit transaction[0m
  [1m[35m (0.2ms)[0m  [1m[36mbegin transaction[0m
  [1m[36mCity Create (0.7ms)[0m  [1m[32mINSERT INTO "cities" ("name", "zip_code", "created_at", "updated_at") VALUES (?, ?, ?, ?)[0m  [["name", "Lake Leandro"], ["zip_code", "81989"], ["created_at", "2021-07-29 19:58:10.680190"], ["updated_at", "2021-07-29 19:58:10.680190"]]
  [1m[35m (91.5ms)[0m  [1m[36mcommit transaction[0m
  [1m[35m (0.1ms)[0m  [1m[36mbegin transaction[0m
  [1m[36mCity Create (0.3ms)[0m  [1m[32mINSERT INTO "cities" ("name", "zip_code", "created_at", "updated_at") VALUES (?, ?, ?, ?)[0m  [["name", "New Hiramport"], ["zip_code", "30481"], ["created_at", "2021-07-29 19:58:10.784078"], ["updated_at", "2021-07-29 19:58:10.784078"]]
  [1m[35m (92.4ms)[0m  [1m[36mcommit transaction[0m
  [1m[35m (0.1ms)[0m  [1m[36mbegin transaction[0m
  [1m[36mCity Create (0.3ms)[0m  [1m[32mINSERT INTO "cities" ("name", "zip_code", "created_at", "updated_at") VALUES (?, ?, ?, ?)[0m  [["name", "West Kiersten"], ["zip_code", "31734-2886"], ["created_at", "2021-07-29 19:58:10.884176"], ["updated_at", "2021-07-29 19:58:10.884176"]]
  [1m[35m (92.0ms)[0m  [1m[36mcommit transaction[0m
  [1m[35m (0.1ms)[0m  [1m[36mbegin transaction[0m
  [1m[36mCity Create (0.3ms)[0m  [1m[32mINSERT INTO "cities" ("name", "zip_code", "created_at", "updated_at") VALUES (?, ?, ?, ?)[0m  [["name", "Shavonside"], ["zip_code", "85092"], ["created_at", "2021-07-29 19:58:10.984782"], ["updated_at", "2021-07-29 19:58:10.984782"]]
  [1m[35m (103.8ms)[0m  [1m[36mcommit transaction[0m
  [1m[35m (0.2ms)[0m  [1m[36mbegin transaction[0m
  [1m[36mCity Create (0.7ms)[0m  [1m[32mINSERT INTO "cities" ("name", "zip_code", "created_at", "updated_at") VALUES (?, ?, ?, ?)[0m  [["name", "New Ellsworth"], ["zip_code", "94377-4836"], ["created_at", "2021-07-29 19:58:11.100994"], ["updated_at", "2021-07-29 19:58:11.100994"]]
  [1m[35m (77.2ms)[0m  [1m[36mcommit transaction[0m
  [1m[35m (0.1ms)[0m  [1m[36mbegin transaction[0m
  [1m[36mCity Create (0.4ms)[0m  [1m[32mINSERT INTO "cities" ("name", "zip_code", "created_at", "updated_at") VALUES (?, ?, ?, ?)[0m  [["name", "Faychester"], ["zip_code", "29927-4505"], ["created_at", "2021-07-29 19:58:11.194391"], ["updated_at", "2021-07-29 19:58:11.194391"]]
  [1m[35m (91.8ms)[0m  [1m[36mcommit transaction[0m
  [1m[35m (0.1ms)[0m  [1m[36mbegin transaction[0m
  [1m[36mCity Create (0.8ms)[0m  [1m[32mINSERT INTO "cities" ("name", "zip_code", "created_at", "updated_at") VALUES (?, ?, ?, ?)[0m  [["name", "Wardtown"], ["zip_code", "98406"], ["created_at", "2021-07-29 19:58:11.300524"], ["updated_at", "2021-07-29 19:58:11.300524"]]
  [1m[35m (77.7ms)[0m  [1m[36mcommit transaction[0m
  [1m[35m (0.4ms)[0m  [1m[34mSELECT sqlite_version(*)[0m
  [1m[35m (0.2ms)[0m  [1m[34mSELECT "schema_migrations"."version" FROM "schema_migrations" ORDER BY "schema_migrations"."version" ASC[0m
  [1m[35m (0.1ms)[0m  [1m[34mSELECT sqlite_version(*)[0m
  [1m[35m (0.1ms)[0m  [1m[36mbegin transaction[0m
  [1m[36mCity Create (0.4ms)[0m  [1m[32mINSERT INTO "cities" ("name", "zip_code", "created_at", "updated_at") VALUES (?, ?, ?, ?)[0m  [["name", "Port Jan"], ["zip_code", "18742"], ["created_at", "2021-07-29 19:58:26.622824"], ["updated_at", "2021-07-29 19:58:26.622824"]]
  [1m[35m (101.2ms)[0m  [1m[36mcommit transaction[0m
  [1m[35m (0.1ms)[0m  [1m[36mbegin transaction[0m
  [1m[36mCity Create (0.7ms)[0m  [1m[32mINSERT INTO "cities" ("name", "zip_code", "created_at", "updated_at") VALUES (?, ?, ?, ?)[0m  [["name", "Jeremyfurt"], ["zip_code", "79449-2580"], ["created_at", "2021-07-29 19:58:26.734044"], ["updated_at", "2021-07-29 19:58:26.734044"]]
  [1m[35m (80.4ms)[0m  [1m[36mcommit transaction[0m
  [1m[35m (0.1ms)[0m  [1m[36mbegin transaction[0m
  [1m[36mCity Create (0.3ms)[0m  [1m[32mINSERT INTO "cities" ("name", "zip_code", "created_at", "updated_at") VALUES (?, ?, ?, ?)[0m  [["name", "North Marc"], ["zip_code", "08052"], ["created_at", "2021-07-29 19:58:26.828242"], ["updated_at", "2021-07-29 19:58:26.828242"]]
  [1m[35m (82.6ms)[0m  [1m[36mcommit transaction[0m
  [1m[35m (0.1ms)[0m  [1m[36mbegin transaction[0m
  [1m[36mCity Create (0.3ms)[0m  [1m[32mINSERT INTO "cities" ("name", "zip_code", "created_at", "updated_at") VALUES (?, ?, ?, ?)[0m  [["name", "West Camiborough"], ["zip_code", "46716-1803"], ["created_at", "2021-07-29 19:58:26.917361"], ["updated_at", "2021-07-29 19:58:26.917361"]]
  [1m[35m (81.3ms)[0m  [1m[36mcommit transaction[0m
  [1m[35m (0.1ms)[0m  [1m[36mbegin transaction[0m
  [1m[36mCity Create (0.3ms)[0m  [1m[32mINSERT INTO "cities" ("name", "zip_code", "created_at", "updated_at") VALUES (?, ?, ?, ?)[0m  [["name", "Port Tinisha"], ["zip_code", "64236-0660"], ["created_at", "2021-07-29 19:58:27.006245"], ["updated_at", "2021-07-29 19:58:27.006245"]]
  [1m[35m (80.9ms)[0m  [1m[36mcommit transaction[0m
  [1m[35m (0.1ms)[0m  [1m[36mbegin transaction[0m
  [1m[36mCity Create (0.4ms)[0m  [1m[32mINSERT INTO "cities" ("name", "zip_code", "created_at", "updated_at") VALUES (?, ?, ?, ?)[0m  [["name", "Fadelchester"], ["zip_code", "82320-0859"], ["created_at", "2021-07-29 19:58:27.095732"], ["updated_at", "2021-07-29 19:58:27.095732"]]
  [1m[35m (83.2ms)[0m  [1m[36mcommit transaction[0m
  [1m[35m (0.1ms)[0m  [1m[36mbegin transaction[0m
  [1m[36mCity Create (0.3ms)[0m  [1m[32mINSERT INTO "cities" ("name", "zip_code", "created_at", "updated_at") VALUES (?, ?, ?, ?)[0m  [["name", "Yuetteport"], ["zip_code", "06783"], ["created_at", "2021-07-29 19:58:27.185718"], ["updated_at", "2021-07-29 19:58:27.185718"]]
  [1m[35m (92.2ms)[0m  [1m[36mcommit transaction[0m
  [1m[35m (0.1ms)[0m  [1m[36mbegin transaction[0m
  [1m[36mCity Create (0.4ms)[0m  [1m[32mINSERT INTO "cities" ("name", "zip_code", "created_at", "updated_at") VALUES (?, ?, ?, ?)[0m  [["name", "East Jarred"], ["zip_code", "84926-1750"], ["created_at", "2021-07-29 19:58:27.283913"], ["updated_at", "2021-07-29 19:58:27.283913"]]
  [1m[35m (92.0ms)[0m  [1m[36mcommit transaction[0m
  [1m[35m (0.1ms)[0m  [1m[36mbegin transaction[0m
  [1m[36mCity Create (0.3ms)[0m  [1m[32mINSERT INTO "cities" ("name", "zip_code", "created_at", "updated_at") VALUES (?, ?, ?, ?)[0m  [["name", "Lake Harlandburgh"], ["zip_code", "04229"], ["created_at", "2021-07-29 19:58:27.383576"], ["updated_at", "2021-07-29 19:58:27.383576"]]
  [1m[35m (90.8ms)[0m  [1m[36mcommit transaction[0m
  [1m[35m (0.1ms)[0m  [1m[36mbegin transaction[0m
  [1m[36mCity Create (0.3ms)[0m  [1m[32mINSERT INTO "cities" ("name", "zip_code", "created_at", "updated_at") VALUES (?, ?, ?, ?)[0m  [["name", "Deandremouth"], ["zip_code", "97874-9707"], ["created_at", "2021-07-29 19:58:27.484093"], ["updated_at", "2021-07-29 19:58:27.484093"]]
  [1m[35m (90.6ms)[0m  [1m[36mcommit transaction[0m
  [1m[35m (0.1ms)[0m  [1m[36mbegin transaction[0m
  [1m[36mCity Create (0.4ms)[0m  [1m[32mINSERT INTO "cities" ("name", "zip_code", "created_at", "updated_at") VALUES (?, ?, ?, ?)[0m  [["name", "New Lanechester"], ["zip_code", "19056-4995"], ["created_at", "2021-07-29 19:58:27.583927"], ["updated_at", "2021-07-29 19:58:27.583927"]]
  [1m[35m (89.8ms)[0m  [1m[36mcommit transaction[0m
  [1m[35m (0.1ms)[0m  [1m[36mbegin transaction[0m
  [1m[36mCity Create (0.5ms)[0m  [1m[32mINSERT INTO "cities" ("name", "zip_code", "created_at", "updated_at") VALUES (?, ?, ?, ?)[0m  [["name", "East Frederick"], ["zip_code", "08861-8493"], ["created_at", "2021-07-29 19:58:27.684577"], ["updated_at", "2021-07-29 19:58:27.684577"]]
  [1m[35m (87.0ms)[0m  [1m[36mcommit transaction[0m
  [1m[35m (0.1ms)[0m  [1m[36mbegin transaction[0m
  [1m[36mCity Create (0.3ms)[0m  [1m[32mINSERT INTO "cities" ("name", "zip_code", "created_at", "updated_at") VALUES (?, ?, ?, ?)[0m  [["name", "Busterborough"], ["zip_code", "65322-6949"], ["created_at", "2021-07-29 19:58:27.781996"], ["updated_at", "2021-07-29 19:58:27.781996"]]
  [1m[35m (146.5ms)[0m  [1m[36mcommit transaction[0m
  [1m[35m (0.2ms)[0m  [1m[36mbegin transaction[0m
  [1m[36mCity Create (0.8ms)[0m  [1m[32mINSERT INTO "cities" ("name", "zip_code", "created_at", "updated_at") VALUES (?, ?, ?, ?)[0m  [["name", "Mrazstad"], ["zip_code", "86018"], ["created_at", "2021-07-29 19:58:27.938043"], ["updated_at", "2021-07-29 19:58:27.938043"]]
  [1m[35m (77.3ms)[0m  [1m[36mcommit transaction[0m
  [1m[35m (0.1ms)[0m  [1m[36mbegin transaction[0m
  [1m[36mCity Create (0.3ms)[0m  [1m[32mINSERT INTO "cities" ("name", "zip_code", "created_at", "updated_at") VALUES (?, ?, ?, ?)[0m  [["name", "Lebsackmouth"], ["zip_code", "22172-4286"], ["created_at", "2021-07-29 19:58:28.026762"], ["updated_at", "2021-07-29 19:58:28.026762"]]
  [1m[35m (71.0ms)[0m  [1m[36mcommit transaction[0m
  [1m[35m (0.1ms)[0m  [1m[36mbegin transaction[0m
  [1m[36mCity Create (0.5ms)[0m  [1m[32mINSERT INTO "cities" ("name", "zip_code", "created_at", "updated_at") VALUES (?, ?, ?, ?)[0m  [["name", "Mariomouth"], ["zip_code", "76450-1907"], ["created_at", "2021-07-29 19:58:28.106998"], ["updated_at", "2021-07-29 19:58:28.106998"]]
  [1m[35m (98.2ms)[0m  [1m[36mcommit transaction[0m
  [1m[35m (0.1ms)[0m  [1m[36mbegin transaction[0m
  [1m[36mCity Create (0.4ms)[0m  [1m[32mINSERT INTO "cities" ("name", "zip_code", "created_at", "updated_at") VALUES (?, ?, ?, ?)[0m  [["name", "Kenethmouth"], ["zip_code", "13334"], ["created_at", "2021-07-29 19:58:28.216652"], ["updated_at", "2021-07-29 19:58:28.216652"]]
  [1m[35m (89.9ms)[0m  [1m[36mcommit transaction[0m
  [1m[35m (0.2ms)[0m  [1m[36mbegin transaction[0m
  [1m[36mCity Create (1.2ms)[0m  [1m[32mINSERT INTO "cities" ("name", "zip_code", "created_at", "updated_at") VALUES (?, ?, ?, ?)[0m  [["name", "New Lowell"], ["zip_code", "90316"], ["created_at", "2021-07-29 19:58:28.322160"], ["updated_at", "2021-07-29 19:58:28.322160"]]
  [1m[35m (95.1ms)[0m  [1m[36mcommit transaction[0m
  [1m[35m (0.1ms)[0m  [1m[36mbegin transaction[0m
  [1m[36mCity Create (0.5ms)[0m  [1m[32mINSERT INTO "cities" ("name", "zip_code", "created_at", "updated_at") VALUES (?, ?, ?, ?)[0m  [["name", "Yostberg"], ["zip_code", "10384"], ["created_at", "2021-07-29 19:58:28.438570"], ["updated_at", "2021-07-29 19:58:28.438570"]]
  [1m[35m (76.7ms)[0m  [1m[36mcommit transaction[0m
  [1m[35m (0.1ms)[0m  [1m[36mbegin transaction[0m
  [1m[36mCity Create (0.3ms)[0m  [1m[32mINSERT INTO "cities" ("name", "zip_code", "created_at", "updated_at") VALUES (?, ?, ?, ?)[0m  [["name", "East Sheldonview"], ["zip_code", "40926-7250"], ["created_at", "2021-07-29 19:58:28.526491"], ["updated_at", "2021-07-29 19:58:28.526491"]]
  [1m[35m (93.3ms)[0m  [1m[36mcommit transaction[0m
  [1m[35m (0.5ms)[0m  [1m[34mSELECT sqlite_version(*)[0m
  [1m[35m (0.2ms)[0m  [1m[34mSELECT "schema_migrations"."version" FROM "schema_migrations" ORDER BY "schema_migrations"."version" ASC[0m
  [1m[35m (0.1ms)[0m  [1m[34mSELECT sqlite_version(*)[0m
  [1m[35m (0.1ms)[0m  [1m[36mbegin transaction[0m
  [1m[36mCity Create (0.4ms)[0m  [1m[32mINSERT INTO "cities" ("name", "zip_code", "created_at", "updated_at") VALUES (?, ?, ?, ?)[0m  [["name", "Port Lonny"], ["zip_code", "15152-2057"], ["created_at", "2021-07-29 19:58:38.405451"], ["updated_at", "2021-07-29 19:58:38.405451"]]
  [1m[35m (76.7ms)[0m  [1m[36mcommit transaction[0m
  [1m[35m (0.2ms)[0m  [1m[36mbegin transaction[0m
  [1m[36mCity Create (0.8ms)[0m  [1m[32mINSERT INTO "cities" ("name", "zip_code", "created_at", "updated_at") VALUES (?, ?, ?, ?)[0m  [["name", "Seasonhaven"], ["zip_code", "87685-8173"], ["created_at", "2021-07-29 19:58:38.495255"], ["updated_at", "2021-07-29 19:58:38.495255"]]
  [1m[35m (78.4ms)[0m  [1m[36mcommit transaction[0m
  [1m[35m (0.1ms)[0m  [1m[36mbegin transaction[0m
  [1m[36mCity Create (0.4ms)[0m  [1m[32mINSERT INTO "cities" ("name", "zip_code", "created_at", "updated_at") VALUES (?, ?, ?, ?)[0m  [["name", "O'Connerfurt"], ["zip_code", "39791-3946"], ["created_at", "2021-07-29 19:58:38.588895"], ["updated_at", "2021-07-29 19:58:38.588895"]]
  [1m[35m (81.2ms)[0m  [1m[36mcommit transaction[0m
  [1m[35m (0.1ms)[0m  [1m[36mbegin transaction[0m
  [1m[36mCity Create (0.3ms)[0m  [1m[32mINSERT INTO "cities" ("name", "zip_code", "created_at", "updated_at") VALUES (?, ?, ?, ?)[0m  [["name", "East Sherron"], ["zip_code", "15598"], ["created_at", "2021-07-29 19:58:38.678387"], ["updated_at", "2021-07-29 19:58:38.678387"]]
  [1m[35m (69.7ms)[0m  [1m[36mcommit transaction[0m
  [1m[35m (0.1ms)[0m  [1m[36mbegin transaction[0m
  [1m[36mCity Create (0.3ms)[0m  [1m[32mINSERT INTO "cities" ("name", "zip_code", "created_at", "updated_at") VALUES (?, ?, ?, ?)[0m  [["name", "West Remona"], ["zip_code", "74602-6538"], ["created_at", "2021-07-29 19:58:38.755191"], ["updated_at", "2021-07-29 19:58:38.755191"]]
  [1m[35m (71.1ms)[0m  [1m[36mcommit transaction[0m
  [1m[35m (0.1ms)[0m  [1m[36mbegin transaction[0m
  [1m[36mCity Create (0.5ms)[0m  [1m[32mINSERT INTO "cities" ("name", "zip_code", "created_at", "updated_at") VALUES (?, ?, ?, ?)[0m  [["name", "New Charla"], ["zip_code", "33859-0745"], ["created_at", "2021-07-29 19:58:38.838788"], ["updated_at", "2021-07-29 19:58:38.838788"]]
  [1m[35m (84.5ms)[0m  [1m[36mcommit transaction[0m
  [1m[35m (0.1ms)[0m  [1m[36mbegin transaction[0m
  [1m[36mCity Create (0.4ms)[0m  [1m[32mINSERT INTO "cities" ("name", "zip_code", "created_at", "updated_at") VALUES (?, ?, ?, ?)[0m  [["name", "Tonyland"], ["zip_code", "03761"], ["created_at", "2021-07-29 19:58:38.933215"], ["updated_at", "2021-07-29 19:58:38.933215"]]
  [1m[35m (106.5ms)[0m  [1m[36mcommit transaction[0m
  [1m[35m (0.1ms)[0m  [1m[36mbegin transaction[0m
  [1m[36mCity Create (0.3ms)[0m  [1m[32mINSERT INTO "cities" ("name", "zip_code", "created_at", "updated_at") VALUES (?, ?, ?, ?)[0m  [["name", "East Alaynaville"], ["zip_code", "62394"], ["created_at", "2021-07-29 19:58:39.046943"], ["updated_at", "2021-07-29 19:58:39.046943"]]
  [1m[35m (79.1ms)[0m  [1m[36mcommit transaction[0m
  [1m[35m (0.1ms)[0m  [1m[36mbegin transaction[0m
  [1m[36mCity Create (0.8ms)[0m  [1m[32mINSERT INTO "cities" ("name", "zip_code", "created_at", "updated_at") VALUES (?, ?, ?, ?)[0m  [["name", "New Madalene"], ["zip_code", "53707"], ["created_at", "2021-07-29 19:58:39.136444"], ["updated_at", "2021-07-29 19:58:39.136444"]]
  [1m[35m (83.9ms)[0m  [1m[36mcommit transaction[0m
  [1m[35m (0.1ms)[0m  [1m[36mbegin transaction[0m
  [1m[36mCity Create (0.3ms)[0m  [1m[32mINSERT INTO "cities" ("name", "zip_code", "created_at", "updated_at") VALUES (?, ?, ?, ?)[0m  [["name", "Port Nolanberg"], ["zip_code", "61274-8055"], ["created_at", "2021-07-29 19:58:39.232941"], ["updated_at", "2021-07-29 19:58:39.232941"]]
  [1m[35m (77.7ms)[0m  [1m[36mcommit transaction[0m
  [1m[35m (0.1ms)[0m  [1m[36mbegin transaction[0m
  [1m[36mCity Create (0.4ms)[0m  [1m[32mINSERT INTO "cities" ("name", "zip_code", "created_at", "updated_at") VALUES (?, ?, ?, ?)[0m  [["name", "New Murraychester"], ["zip_code", "42260"], ["created_at", "2021-07-29 19:58:39.344438"], ["updated_at", "2021-07-29 19:58:39.344438"]]
  [1m[35m (79.1ms)[0m  [1m[36mcommit transaction[0m
  [1m[35m (0.1ms)[0m  [1m[36mbegin transaction[0m
  [1m[36mCity Create (0.4ms)[0m  [1m[32mINSERT INTO "cities" ("name", "zip_code", "created_at", "updated_at") VALUES (?, ?, ?, ?)[0m  [["name", "Hestershire"], ["zip_code", "09862"], ["created_at", "2021-07-29 19:58:39.432669"], ["updated_at", "2021-07-29 19:58:39.432669"]]
  [1m[35m (113.7ms)[0m  [1m[36mcommit transaction[0m
  [1m[35m (0.1ms)[0m  [1m[36mbegin transaction[0m
  [1m[36mCity Create (0.3ms)[0m  [1m[32mINSERT INTO "cities" ("name", "zip_code", "created_at", "updated_at") VALUES (?, ?, ?, ?)[0m  [["name", "Shereeland"], ["zip_code", "15002-8500"], ["created_at", "2021-07-29 19:58:39.554728"], ["updated_at", "2021-07-29 19:58:39.554728"]]
  [1m[35m (90.3ms)[0m  [1m[36mcommit transaction[0m
  [1m[35m (0.1ms)[0m  [1m[36mbegin transaction[0m
  [1m[36mCity Create (0.3ms)[0m  [1m[32mINSERT INTO "cities" ("name", "zip_code", "created_at", "updated_at") VALUES (?, ?, ?, ?)[0m  [["name", "West Cindiefort"], ["zip_code", "62967-6189"], ["created_at", "2021-07-29 19:58:39.653747"], ["updated_at", "2021-07-29 19:58:39.653747"]]
  [1m[35m (96.4ms)[0m  [1m[36mcommit transaction[0m
  [1m[35m (0.1ms)[0m  [1m[36mbegin transaction[0m
  [1m[36mCity Create (0.5ms)[0m  [1m[32mINSERT INTO "cities" ("name", "zip_code", "created_at", "updated_at") VALUES (?, ?, ?, ?)[0m  [["name", "Lake Toddburgh"], ["zip_code", "08680-4504"], ["created_at", "2021-07-29 19:58:39.759153"], ["updated_at", "2021-07-29 19:58:39.759153"]]
  [1m[35m (72.7ms)[0m  [1m[36mcommit transaction[0m
  [1m[35m (0.1ms)[0m  [1m[36mbegin transaction[0m
  [1m[36mCity Create (0.3ms)[0m  [1m[32mINSERT INTO "cities" ("name", "zip_code", "created_at", "updated_at") VALUES (?, ?, ?, ?)[0m  [["name", "Ingerfurt"], ["zip_code", "57096-2043"], ["created_at", "2021-07-29 19:58:39.842322"], ["updated_at", "2021-07-29 19:58:39.842322"]]
  [1m[35m (80.9ms)[0m  [1m[36mcommit transaction[0m
  [1m[35m (0.1ms)[0m  [1m[36mbegin transaction[0m
  [1m[36mCity Create (0.3ms)[0m  [1m[32mINSERT INTO "cities" ("name", "zip_code", "created_at", "updated_at") VALUES (?, ?, ?, ?)[0m  [["name", "Mullermouth"], ["zip_code", "94238"], ["created_at", "2021-07-29 19:58:39.930906"], ["updated_at", "2021-07-29 19:58:39.930906"]]
  [1m[35m (116.2ms)[0m  [1m[36mcommit transaction[0m
  [1m[35m (0.1ms)[0m  [1m[36mbegin transaction[0m
  [1m[36mCity Create (0.3ms)[0m  [1m[32mINSERT INTO "cities" ("name", "zip_code", "created_at", "updated_at") VALUES (?, ?, ?, ?)[0m  [["name", "Adamsberg"], ["zip_code", "98298"], ["created_at", "2021-07-29 19:58:40.053878"], ["updated_at", "2021-07-29 19:58:40.053878"]]
  [1m[35m (351.7ms)[0m  [1m[36mcommit transaction[0m
  [1m[35m (0.3ms)[0m  [1m[36mbegin transaction[0m
  [1m[36mCity Create (1.1ms)[0m  [1m[32mINSERT INTO "cities" ("name", "zip_code", "created_at", "updated_at") VALUES (?, ?, ?, ?)[0m  [["name", "West Adrienton"], ["zip_code", "55532-5710"], ["created_at", "2021-07-29 19:58:40.420795"], ["updated_at", "2021-07-29 19:58:40.420795"]]
  [1m[35m (91.8ms)[0m  [1m[36mcommit transaction[0m
  [1m[35m (0.1ms)[0m  [1m[36mbegin transaction[0m
  [1m[36mCity Create (0.4ms)[0m  [1m[32mINSERT INTO "cities" ("name", "zip_code", "created_at", "updated_at") VALUES (?, ?, ?, ?)[0m  [["name", "Lake Selmabury"], ["zip_code", "52975"], ["created_at", "2021-07-29 19:58:40.534484"], ["updated_at", "2021-07-29 19:58:40.534484"]]
  [1m[35m (88.6ms)[0m  [1m[36mcommit transaction[0m
  [1m[35m (0.5ms)[0m  [1m[34mSELECT sqlite_version(*)[0m
  [1m[35m (0.2ms)[0m  [1m[34mSELECT "schema_migrations"."version" FROM "schema_migrations" ORDER BY "schema_migrations"."version" ASC[0m
